seed = 6107455483420964031
-n 2.000000 (NBC multiplier)
-f 1.500000 (NBF multiplier)
-i 2.000000 (NIT multiplier)
num neighbors = 63
maxNonImprovingIterations = 63
n=1000, g=2, c=12805
Initial solution found (188)
entropy: 14.000000
current:  min_profit:    188  weight:  12800
new best: min_profit:    220  weight:  12730
entropy: 14.000000
current:  min_profit:    220  weight:  12730
new best: min_profit:    277  weight:  12677
entropy: 14.000000
current:  min_profit:    277  weight:  12677
new best: min_profit:    320  weight:  12760
entropy: 14.000000
current:  min_profit:    320  weight:  12760
new best: min_profit:    337  weight:  12691
entropy: 14.000000
current:  min_profit:    337  weight:  12691
new best: min_profit:    369  weight:  12745
entropy: 14.000000
current:  min_profit:    369  weight:  12745
new best: min_profit:    385  weight:  12794
entropy: 14.000000
current:  min_profit:    385  weight:  12794
new best: min_profit:    414  weight:  12733
entropy: 14.000000
current:  min_profit:    414  weight:  12733
new best: min_profit:    428  weight:  12763
entropy: 14.000000
current:  min_profit:    428  weight:  12763
new best: min_profit:    445  weight:  12702
entropy: 14.000000
current:  min_profit:    445  weight:  12702
new best: min_profit:    461  weight:  12740
entropy: 14.000000
current:  min_profit:    461  weight:  12740
new best: min_profit:    482  weight:  12773
entropy: 14.000000
current:  min_profit:    482  weight:  12773
new best: min_profit:    496  weight:  12795
entropy: 14.000000
current:  min_profit:    496  weight:  12795
entropy: 9.000000
current:  min_profit:    496  weight:  12795
entropy: 7.000000
current:  min_profit:    496  weight:  12795
new best: min_profit:    509  weight:  12726
entropy: 14.000000
current:  min_profit:    509  weight:  12726
new best: min_profit:    520  weight:  12751
entropy: 14.000000
current:  min_profit:    520  weight:  12751
new best: min_profit:    539  weight:  12781
entropy: 14.000000
current:  min_profit:    539  weight:  12781
new best: min_profit:    542  weight:  12786
entropy: 14.000000
current:  min_profit:    542  weight:  12786
entropy: 9.000000
current:  min_profit:    542  weight:  12786
new best: min_profit:    546  weight:  12702
entropy: 14.000000
current:  min_profit:    546  weight:  12702
new best: min_profit:    580  weight:  12762
entropy: 14.000000
current:  min_profit:    580  weight:  12762
new best: min_profit:    586  weight:  12691
entropy: 14.000000
current:  min_profit:    586  weight:  12691
new best: min_profit:    597  weight:  12696
entropy: 14.000000
current:  min_profit:    597  weight:  12696
new best: min_profit:    608  weight:  12739
entropy: 14.000000
current:  min_profit:    608  weight:  12739
new best: min_profit:    645  weight:  12804
entropy: 14.000000
current:  min_profit:    645  weight:  12804
new best: min_profit:    656  weight:  12727
entropy: 14.000000
current:  min_profit:    656  weight:  12727
new best: min_profit:    665  weight:  12753
entropy: 14.000000
current:  min_profit:    665  weight:  12753
new best: min_profit:    677  weight:  12759
entropy: 14.000000
current:  min_profit:    677  weight:  12759
entropy: 9.000000
current:  min_profit:    677  weight:  12759
new best: min_profit:    695  weight:  12699
entropy: 14.000000
current:  min_profit:    695  weight:  12699
new best: min_profit:    700  weight:  12720
entropy: 14.000000
current:  min_profit:    700  weight:  12720
new best: min_profit:    724  weight:  12767
entropy: 14.000000
current:  min_profit:    724  weight:  12767
new best: min_profit:    740  weight:  12685
entropy: 14.000000
current:  min_profit:    740  weight:  12685
entropy: 9.000000
current:  min_profit:    740  weight:  12685
new best: min_profit:    741  weight:  12785
entropy: 14.000000
current:  min_profit:    741  weight:  12785
entropy: 9.000000
current:  min_profit:    741  weight:  12785
entropy: 7.000000
current:  min_profit:    741  weight:  12785
new best: min_profit:    745  weight:  12805
entropy: 14.000000
current:  min_profit:    745  weight:  12805
new best: min_profit:    762  weight:  12736
entropy: 14.000000
current:  min_profit:    762  weight:  12736
new best: min_profit:    773  weight:  12774
entropy: 14.000000
current:  min_profit:    773  weight:  12774
new best: min_profit:    776  weight:  12757
entropy: 14.000000
current:  min_profit:    776  weight:  12757
new best: min_profit:    779  weight:  12765
entropy: 14.000000
current:  min_profit:    779  weight:  12765
new best: min_profit:    783  weight:  12783
entropy: 14.000000
current:  min_profit:    783  weight:  12783
new best: min_profit:    792  weight:  12792
entropy: 14.000000
current:  min_profit:    792  weight:  12792
new best: min_profit:    792  weight:  12704
entropy: 14.000000
current:  min_profit:    792  weight:  12704
entropy: 9.000000
current:  min_profit:    792  weight:  12704
entropy: 7.000000
current:  min_profit:    792  weight:  12704
new best: min_profit:    799  weight:  12714
entropy: 14.000000
current:  min_profit:    799  weight:  12714
new best: min_profit:    846  weight:  12805
entropy: 14.000000
current:  min_profit:    846  weight:  12805
entropy: 9.000000
current:  min_profit:    846  weight:  12805
entropy: 7.000000
current:  min_profit:    846  weight:  12805
entropy: 6.000000
current:  min_profit:    846  weight:  12805
entropy: 5.000000
current:  min_profit:    846  weight:  12805
entropy: 5.000000
current:  min_profit:    846  weight:  12805
new best: min_profit:    865  weight:  12732
entropy: 14.000000
current:  min_profit:    865  weight:  12732
entropy: 9.000000
current:  min_profit:    865  weight:  12732
new best: min_profit:    872  weight:  12770
entropy: 14.000000
current:  min_profit:    872  weight:  12770
new best: min_profit:    880  weight:  12768
entropy: 14.000000
current:  min_profit:    880  weight:  12768
entropy: 9.000000
current:  min_profit:    880  weight:  12768
new best: min_profit:    894  weight:  12796
entropy: 14.000000
current:  min_profit:    894  weight:  12796
entropy: 9.000000
current:  min_profit:    894  weight:  12796
entropy: 7.000000
current:  min_profit:    894  weight:  12796
new best: min_profit:    902  weight:  12805
entropy: 14.000000
current:  min_profit:    902  weight:  12805
entropy: 9.000000
current:  min_profit:    902  weight:  12805
entropy: 7.000000
current:  min_profit:    902  weight:  12805
entropy: 6.000000
current:  min_profit:    902  weight:  12805
new best: min_profit:    904  weight:  12712
entropy: 14.000000
current:  min_profit:    904  weight:  12712
entropy: 9.000000
current:  min_profit:    904  weight:  12712
new best: min_profit:    920  weight:  12767
entropy: 14.000000
current:  min_profit:    920  weight:  12767
new best: min_profit:    927  weight:  12776
entropy: 14.000000
current:  min_profit:    927  weight:  12776
entropy: 9.000000
current:  min_profit:    927  weight:  12776
new best: min_profit:    927  weight:  12772
entropy: 14.000000
current:  min_profit:    927  weight:  12772
new best: min_profit:    940  weight:  12683
entropy: 14.000000
current:  min_profit:    940  weight:  12683
entropy: 9.000000
current:  min_profit:    940  weight:  12683
entropy: 7.000000
current:  min_profit:    940  weight:  12683
entropy: 6.000000
current:  min_profit:    940  weight:  12683
new best: min_profit:    946  weight:  12793
entropy: 14.000000
current:  min_profit:    946  weight:  12793
entropy: 9.000000
current:  min_profit:    946  weight:  12793
entropy: 7.000000
current:  min_profit:    946  weight:  12793
entropy: 6.000000
current:  min_profit:    946  weight:  12793
entropy: 5.000000
current:  min_profit:    946  weight:  12793
entropy: 5.000000
current:  min_profit:    946  weight:  12793
entropy: 4.000000
current:  min_profit:    946  weight:  12793
entropy: 4.000000
current:  min_profit:    946  weight:  12793
entropy: 4.000000
current:  min_profit:    946  weight:  12793
entropy: 4.000000
current:  min_profit:    946  weight:  12793
new best: min_profit:    949  weight:  12801
entropy: 14.000000
current:  min_profit:    949  weight:  12801
entropy: 9.000000
current:  min_profit:    949  weight:  12801
new best: min_profit:    952  weight:  12804
entropy: 14.000000
current:  min_profit:    952  weight:  12804
entropy: 9.000000
current:  min_profit:    952  weight:  12804
entropy: 7.000000
current:  min_profit:    952  weight:  12804
entropy: 6.000000
current:  min_profit:    952  weight:  12804
entropy: 5.000000
current:  min_profit:    952  weight:  12804
entropy: 5.000000
current:  min_profit:    952  weight:  12804
entropy: 4.000000
current:  min_profit:    952  weight:  12804
new best: min_profit:    957  weight:  12733
entropy: 14.000000
current:  min_profit:    957  weight:  12733
entropy: 9.000000
current:  min_profit:    957  weight:  12733
entropy: 7.000000
current:  min_profit:    957  weight:  12733
entropy: 6.000000
current:  min_profit:    957  weight:  12733
entropy: 5.000000
current:  min_profit:    957  weight:  12733
entropy: 5.000000
current:  min_profit:    957  weight:  12733
entropy: 4.000000
current:  min_profit:    957  weight:  12733
entropy: 4.000000
current:  min_profit:    957  weight:  12733
entropy: 4.000000
current:  min_profit:    957  weight:  12733
entropy: 4.000000
current:  min_profit:    957  weight:  12733
entropy: 4.000000
current:  min_profit:    957  weight:  12733
entropy: 4.000000
current:  min_profit:    957  weight:  12733
entropy: 3.000000
current:  min_profit:    957  weight:  12733
entropy: 3.000000
current:  min_profit:    957  weight:  12733
entropy: 3.000000
current:  min_profit:    957  weight:  12733
entropy: 3.000000
current:  min_profit:    957  weight:  12733
new best: min_profit:    993  weight:  12788
entropy: 14.000000
current:  min_profit:    993  weight:  12788
entropy: 9.000000
current:  min_profit:    993  weight:  12788
new best: min_profit:   1001  weight:  12803
entropy: 14.000000
current:  min_profit:   1001  weight:  12803
entropy: 9.000000
current:  min_profit:   1001  weight:  12803
entropy: 7.000000
current:  min_profit:   1001  weight:  12803
entropy: 6.000000
current:  min_profit:   1001  weight:  12803
entropy: 5.000000
current:  min_profit:   1001  weight:  12803
entropy: 5.000000
current:  min_profit:   1001  weight:  12803
entropy: 4.000000
current:  min_profit:   1001  weight:  12803
entropy: 4.000000
current:  min_profit:   1001  weight:  12803
entropy: 4.000000
current:  min_profit:   1001  weight:  12803
entropy: 4.000000
current:  min_profit:   1001  weight:  12803
entropy: 4.000000
current:  min_profit:   1001  weight:  12803
entropy: 4.000000
current:  min_profit:   1001  weight:  12803
entropy: 3.000000
current:  min_profit:   1001  weight:  12803
entropy: 3.000000
current:  min_profit:   1001  weight:  12803
new best: min_profit:   1005  weight:  12715
entropy: 14.000000
current:  min_profit:   1005  weight:  12715
entropy: 9.000000
current:  min_profit:   1005  weight:  12715
entropy: 7.000000
current:  min_profit:   1005  weight:  12715
entropy: 6.000000
current:  min_profit:   1005  weight:  12715
entropy: 5.000000
current:  min_profit:   1005  weight:  12715
entropy: 5.000000
current:  min_profit:   1005  weight:  12715
entropy: 4.000000
current:  min_profit:   1005  weight:  12715
entropy: 4.000000
current:  min_profit:   1005  weight:  12715
entropy: 4.000000
current:  min_profit:   1005  weight:  12715
entropy: 4.000000
current:  min_profit:   1005  weight:  12715
new best: min_profit:   1012  weight:  12742
entropy: 14.000000
current:  min_profit:   1012  weight:  12742
entropy: 9.000000
current:  min_profit:   1012  weight:  12742
entropy: 7.000000
current:  min_profit:   1012  weight:  12742
new best: min_profit:   1036  weight:  12776
entropy: 14.000000
current:  min_profit:   1036  weight:  12776
entropy: 9.000000
current:  min_profit:   1036  weight:  12776
entropy: 7.000000
current:  min_profit:   1036  weight:  12776
entropy: 6.000000
current:  min_profit:   1036  weight:  12776
entropy: 5.000000
current:  min_profit:   1036  weight:  12776
entropy: 5.000000
current:  min_profit:   1036  weight:  12776
new best: min_profit:   1040  weight:  12800
entropy: 14.000000
current:  min_profit:   1040  weight:  12800
entropy: 9.000000
current:  min_profit:   1040  weight:  12800
entropy: 7.000000
current:  min_profit:   1040  weight:  12800
entropy: 6.000000
current:  min_profit:   1040  weight:  12800
entropy: 5.000000
current:  min_profit:   1040  weight:  12800
entropy: 5.000000
current:  min_profit:   1040  weight:  12800
entropy: 4.000000
current:  min_profit:   1040  weight:  12800
entropy: 4.000000
current:  min_profit:   1040  weight:  12800
new best: min_profit:   1040  weight:  12781
entropy: 14.000000
current:  min_profit:   1040  weight:  12781
entropy: 9.000000
current:  min_profit:   1040  weight:  12781
entropy: 7.000000
current:  min_profit:   1040  weight:  12781
new best: min_profit:   1047  weight:  12796
entropy: 14.000000
current:  min_profit:   1047  weight:  12796
entropy: 9.000000
current:  min_profit:   1047  weight:  12796
entropy: 7.000000
current:  min_profit:   1047  weight:  12796
entropy: 6.000000
current:  min_profit:   1047  weight:  12796
entropy: 5.000000
current:  min_profit:   1047  weight:  12796
entropy: 5.000000
current:  min_profit:   1047  weight:  12796
new best: min_profit:   1047  weight:  12694
entropy: 14.000000
current:  min_profit:   1047  weight:  12694
entropy: 9.000000
current:  min_profit:   1047  weight:  12694
entropy: 7.000000
current:  min_profit:   1047  weight:  12694
new best: min_profit:   1078  weight:  12771
entropy: 14.000000
current:  min_profit:   1078  weight:  12771
entropy: 9.000000
current:  min_profit:   1078  weight:  12771
entropy: 7.000000
current:  min_profit:   1078  weight:  12771
entropy: 6.000000
current:  min_profit:   1078  weight:  12771
new best: min_profit:   1082  weight:  12775
entropy: 14.000000
current:  min_profit:   1082  weight:  12775
entropy: 9.000000
current:  min_profit:   1082  weight:  12775
entropy: 7.000000
current:  min_profit:   1082  weight:  12775
entropy: 6.000000
current:  min_profit:   1082  weight:  12775
entropy: 5.000000
current:  min_profit:   1082  weight:  12775
entropy: 5.000000
current:  min_profit:   1082  weight:  12775
entropy: 4.000000
current:  min_profit:   1082  weight:  12775
entropy: 4.000000
current:  min_profit:   1082  weight:  12775
entropy: 4.000000
current:  min_profit:   1082  weight:  12775
new best: min_profit:   1096  weight:  12793
entropy: 14.000000
current:  min_profit:   1096  weight:  12793
entropy: 9.000000
current:  min_profit:   1096  weight:  12793
entropy: 7.000000
current:  min_profit:   1096  weight:  12793
entropy: 6.000000
current:  min_profit:   1096  weight:  12793
entropy: 5.000000
current:  min_profit:   1096  weight:  12793
entropy: 5.000000
current:  min_profit:   1096  weight:  12793
entropy: 4.000000
current:  min_profit:   1096  weight:  12793
entropy: 4.000000
current:  min_profit:   1096  weight:  12793
new best: min_profit:   1124  weight:  12757
entropy: 14.000000
current:  min_profit:   1124  weight:  12757
entropy: 9.000000
current:  min_profit:   1124  weight:  12757
entropy: 7.000000
current:  min_profit:   1124  weight:  12757
entropy: 6.000000
current:  min_profit:   1124  weight:  12757
entropy: 5.000000
current:  min_profit:   1124  weight:  12757
entropy: 5.000000
current:  min_profit:   1124  weight:  12757
entropy: 4.000000
current:  min_profit:   1124  weight:  12757
new best: min_profit:   1129  weight:  12767
entropy: 14.000000
current:  min_profit:   1129  weight:  12767
entropy: 9.000000
current:  min_profit:   1129  weight:  12767
entropy: 7.000000
current:  min_profit:   1129  weight:  12767
entropy: 6.000000
current:  min_profit:   1129  weight:  12767
entropy: 5.000000
current:  min_profit:   1129  weight:  12767
entropy: 5.000000
current:  min_profit:   1129  weight:  12767
entropy: 4.000000
current:  min_profit:   1129  weight:  12767
entropy: 4.000000
current:  min_profit:   1129  weight:  12767
entropy: 4.000000
current:  min_profit:   1129  weight:  12767
entropy: 4.000000
current:  min_profit:   1129  weight:  12767
entropy: 4.000000
current:  min_profit:   1129  weight:  12767
entropy: 4.000000
current:  min_profit:   1129  weight:  12767
entropy: 3.000000
current:  min_profit:   1129  weight:  12767
entropy: 3.000000
current:  min_profit:   1129  weight:  12767
entropy: 3.000000
current:  min_profit:   1129  weight:  12767
entropy: 3.000000
current:  min_profit:   1129  weight:  12767
entropy: 3.000000
current:  min_profit:   1129  weight:  12767
entropy: 3.000000
current:  min_profit:   1129  weight:  12767
entropy: 3.000000
current:  min_profit:   1129  weight:  12767
entropy: 3.000000
current:  min_profit:   1129  weight:  12767
entropy: 3.000000
current:  min_profit:   1129  weight:  12767
entropy: 3.000000
current:  min_profit:   1129  weight:  12767
new best: min_profit:   1132  weight:  12779
entropy: 14.000000
current:  min_profit:   1132  weight:  12779
entropy: 9.000000
current:  min_profit:   1132  weight:  12779
entropy: 7.000000
current:  min_profit:   1132  weight:  12779
new best: min_profit:   1135  weight:  12785
entropy: 14.000000
current:  min_profit:   1135  weight:  12785
entropy: 9.000000
current:  min_profit:   1135  weight:  12785
entropy: 7.000000
current:  min_profit:   1135  weight:  12785
entropy: 6.000000
current:  min_profit:   1135  weight:  12785
entropy: 5.000000
current:  min_profit:   1135  weight:  12785
entropy: 5.000000
current:  min_profit:   1135  weight:  12785
entropy: 4.000000
current:  min_profit:   1135  weight:  12785
entropy: 4.000000
current:  min_profit:   1135  weight:  12785
entropy: 4.000000
current:  min_profit:   1135  weight:  12785
entropy: 4.000000
current:  min_profit:   1135  weight:  12785
new best: min_profit:   1139  weight:  12801
entropy: 14.000000
current:  min_profit:   1139  weight:  12801
new best: min_profit:   1143  weight:  12805
entropy: 14.000000
current:  min_profit:   1143  weight:  12805
entropy: 9.000000
current:  min_profit:   1143  weight:  12805
entropy: 7.000000
current:  min_profit:   1143  weight:  12805
entropy: 6.000000
current:  min_profit:   1143  weight:  12805
new best: min_profit:   1149  weight:  12702
entropy: 14.000000
current:  min_profit:   1149  weight:  12702
entropy: 9.000000
current:  min_profit:   1149  weight:  12702
entropy: 7.000000
current:  min_profit:   1149  weight:  12702
entropy: 6.000000
current:  min_profit:   1149  weight:  12702
entropy: 5.000000
current:  min_profit:   1149  weight:  12702
entropy: 5.000000
current:  min_profit:   1149  weight:  12702
entropy: 4.000000
current:  min_profit:   1149  weight:  12702
entropy: 4.000000
current:  min_profit:   1149  weight:  12702
entropy: 4.000000
current:  min_profit:   1149  weight:  12702
entropy: 4.000000
current:  min_profit:   1149  weight:  12702
entropy: 4.000000
current:  min_profit:   1149  weight:  12702
entropy: 4.000000
current:  min_profit:   1149  weight:  12702
entropy: 3.000000
current:  min_profit:   1149  weight:  12702
entropy: 3.000000
current:  min_profit:   1149  weight:  12702
entropy: 3.000000
current:  min_profit:   1149  weight:  12702
entropy: 3.000000
current:  min_profit:   1149  weight:  12702
entropy: 3.000000
current:  min_profit:   1149  weight:  12702
new best: min_profit:   1165  weight:  12735
entropy: 14.000000
current:  min_profit:   1165  weight:  12735
entropy: 9.000000
current:  min_profit:   1165  weight:  12735
entropy: 7.000000
current:  min_profit:   1165  weight:  12735
entropy: 6.000000
current:  min_profit:   1165  weight:  12735
entropy: 5.000000
current:  min_profit:   1165  weight:  12735
entropy: 5.000000
current:  min_profit:   1165  weight:  12735
new best: min_profit:   1182  weight:  12765
entropy: 14.000000
current:  min_profit:   1182  weight:  12765
entropy: 9.000000
current:  min_profit:   1182  weight:  12765
entropy: 7.000000
current:  min_profit:   1182  weight:  12765
entropy: 6.000000
current:  min_profit:   1182  weight:  12765
entropy: 5.000000
current:  min_profit:   1182  weight:  12765
entropy: 5.000000
current:  min_profit:   1182  weight:  12765
entropy: 4.000000
current:  min_profit:   1182  weight:  12765
entropy: 4.000000
current:  min_profit:   1182  weight:  12765
entropy: 4.000000
current:  min_profit:   1182  weight:  12765
entropy: 4.000000
current:  min_profit:   1182  weight:  12765
new best: min_profit:   1192  weight:  12793
entropy: 14.000000
current:  min_profit:   1192  weight:  12793
entropy: 9.000000
current:  min_profit:   1192  weight:  12793
entropy: 7.000000
current:  min_profit:   1192  weight:  12793
entropy: 6.000000
current:  min_profit:   1192  weight:  12793
entropy: 5.000000
current:  min_profit:   1192  weight:  12793
entropy: 5.000000
current:  min_profit:   1192  weight:  12793
new best: min_profit:   1195  weight:  12795
entropy: 14.000000
current:  min_profit:   1195  weight:  12795
entropy: 9.000000
current:  min_profit:   1195  weight:  12795
entropy: 7.000000
current:  min_profit:   1195  weight:  12795
entropy: 6.000000
current:  min_profit:   1195  weight:  12795
entropy: 5.000000
current:  min_profit:   1195  weight:  12795
entropy: 5.000000
current:  min_profit:   1195  weight:  12795
entropy: 4.000000
current:  min_profit:   1195  weight:  12795
entropy: 4.000000
current:  min_profit:   1195  weight:  12795
entropy: 4.000000
current:  min_profit:   1195  weight:  12795
entropy: 4.000000
current:  min_profit:   1195  weight:  12795
entropy: 4.000000
current:  min_profit:   1195  weight:  12795
entropy: 4.000000
current:  min_profit:   1195  weight:  12795
entropy: 3.000000
current:  min_profit:   1195  weight:  12795
entropy: 3.000000
current:  min_profit:   1195  weight:  12795
entropy: 3.000000
current:  min_profit:   1195  weight:  12795
entropy: 3.000000
current:  min_profit:   1195  weight:  12795
entropy: 3.000000
current:  min_profit:   1195  weight:  12795
new best: min_profit:   1199  weight:  12802
entropy: 14.000000
current:  min_profit:   1199  weight:  12802
entropy: 9.000000
current:  min_profit:   1199  weight:  12802
entropy: 7.000000
current:  min_profit:   1199  weight:  12802
entropy: 6.000000
current:  min_profit:   1199  weight:  12802
entropy: 5.000000
current:  min_profit:   1199  weight:  12802
entropy: 5.000000
current:  min_profit:   1199  weight:  12802
entropy: 4.000000
current:  min_profit:   1199  weight:  12802
entropy: 4.000000
current:  min_profit:   1199  weight:  12802
entropy: 4.000000
current:  min_profit:   1199  weight:  12802
entropy: 4.000000
current:  min_profit:   1199  weight:  12802
entropy: 4.000000
current:  min_profit:   1199  weight:  12802
entropy: 4.000000
current:  min_profit:   1199  weight:  12802
entropy: 3.000000
current:  min_profit:   1199  weight:  12802
entropy: 3.000000
current:  min_profit:   1199  weight:  12802
entropy: 3.000000
current:  min_profit:   1199  weight:  12802
new best: min_profit:   1199  weight:  12708
entropy: 14.000000
current:  min_profit:   1199  weight:  12708
entropy: 9.000000
current:  min_profit:   1199  weight:  12708
entropy: 7.000000
current:  min_profit:   1199  weight:  12708
entropy: 6.000000
current:  min_profit:   1199  weight:  12708
entropy: 5.000000
current:  min_profit:   1199  weight:  12708
entropy: 5.000000
current:  min_profit:   1199  weight:  12708
entropy: 4.000000
current:  min_profit:   1199  weight:  12708
entropy: 4.000000
current:  min_profit:   1199  weight:  12708
entropy: 4.000000
current:  min_profit:   1199  weight:  12708
entropy: 4.000000
current:  min_profit:   1199  weight:  12708
entropy: 4.000000
current:  min_profit:   1199  weight:  12708
new best: min_profit:   1202  weight:  12707
entropy: 14.000000
current:  min_profit:   1202  weight:  12707
new best: min_profit:   1207  weight:  12720
entropy: 14.000000
current:  min_profit:   1207  weight:  12720
entropy: 9.000000
current:  min_profit:   1207  weight:  12720
entropy: 7.000000
current:  min_profit:   1207  weight:  12720
entropy: 6.000000
current:  min_profit:   1207  weight:  12720
entropy: 5.000000
current:  min_profit:   1207  weight:  12720
entropy: 5.000000
current:  min_profit:   1207  weight:  12720
entropy: 4.000000
current:  min_profit:   1207  weight:  12720
entropy: 4.000000
current:  min_profit:   1207  weight:  12720
entropy: 4.000000
current:  min_profit:   1207  weight:  12720
new best: min_profit:   1219  weight:  12739
entropy: 14.000000
current:  min_profit:   1219  weight:  12739
entropy: 9.000000
current:  min_profit:   1219  weight:  12739
entropy: 7.000000
current:  min_profit:   1219  weight:  12739
entropy: 6.000000
current:  min_profit:   1219  weight:  12739
new best: min_profit:   1225  weight:  12779
entropy: 14.000000
current:  min_profit:   1225  weight:  12779
entropy: 9.000000
current:  min_profit:   1225  weight:  12779
entropy: 7.000000
current:  min_profit:   1225  weight:  12779
entropy: 6.000000
current:  min_profit:   1225  weight:  12779
entropy: 5.000000
current:  min_profit:   1225  weight:  12779
entropy: 5.000000
current:  min_profit:   1225  weight:  12779
entropy: 4.000000
current:  min_profit:   1225  weight:  12779
entropy: 4.000000
current:  min_profit:   1225  weight:  12779
entropy: 4.000000
current:  min_profit:   1225  weight:  12779
entropy: 4.000000
current:  min_profit:   1225  weight:  12779
entropy: 4.000000
current:  min_profit:   1225  weight:  12779
entropy: 4.000000
current:  min_profit:   1225  weight:  12779
new best: min_profit:   1233  weight:  12783
entropy: 14.000000
current:  min_profit:   1233  weight:  12783
entropy: 9.000000
current:  min_profit:   1233  weight:  12783
entropy: 7.000000
current:  min_profit:   1233  weight:  12783
entropy: 6.000000
current:  min_profit:   1233  weight:  12783
entropy: 5.000000
current:  min_profit:   1233  weight:  12783
entropy: 5.000000
current:  min_profit:   1233  weight:  12783
entropy: 4.000000
current:  min_profit:   1233  weight:  12783
entropy: 4.000000
current:  min_profit:   1233  weight:  12783
entropy: 4.000000
current:  min_profit:   1233  weight:  12783
entropy: 4.000000
current:  min_profit:   1233  weight:  12783
entropy: 4.000000
current:  min_profit:   1233  weight:  12783
entropy: 4.000000
current:  min_profit:   1233  weight:  12783
entropy: 3.000000
current:  min_profit:   1233  weight:  12783
entropy: 3.000000
current:  min_profit:   1233  weight:  12783
entropy: 3.000000
current:  min_profit:   1233  weight:  12783
entropy: 3.000000
current:  min_profit:   1233  weight:  12783
entropy: 3.000000
current:  min_profit:   1233  weight:  12783
entropy: 3.000000
current:  min_profit:   1233  weight:  12783
entropy: 3.000000
current:  min_profit:   1233  weight:  12783
entropy: 3.000000
current:  min_profit:   1233  weight:  12783
new best: min_profit:   1234  weight:  12769
entropy: 14.000000
current:  min_profit:   1234  weight:  12769
entropy: 9.000000
current:  min_profit:   1234  weight:  12769
entropy: 7.000000
current:  min_profit:   1234  weight:  12769
entropy: 6.000000
current:  min_profit:   1234  weight:  12769
entropy: 5.000000
current:  min_profit:   1234  weight:  12769
new best: min_profit:   1247  weight:  12795
entropy: 14.000000
current:  min_profit:   1247  weight:  12795
entropy: 9.000000
current:  min_profit:   1247  weight:  12795
entropy: 7.000000
current:  min_profit:   1247  weight:  12795
entropy: 6.000000
current:  min_profit:   1247  weight:  12795
entropy: 5.000000
current:  min_profit:   1247  weight:  12795
entropy: 5.000000
current:  min_profit:   1247  weight:  12795
entropy: 4.000000
current:  min_profit:   1247  weight:  12795
entropy: 4.000000
current:  min_profit:   1247  weight:  12795
entropy: 4.000000
current:  min_profit:   1247  weight:  12795
new best: min_profit:   1248  weight:  12805
entropy: 14.000000
current:  min_profit:   1248  weight:  12805
entropy: 9.000000
current:  min_profit:   1248  weight:  12805
entropy: 7.000000
current:  min_profit:   1248  weight:  12805
entropy: 6.000000
current:  min_profit:   1248  weight:  12805
entropy: 5.000000
current:  min_profit:   1248  weight:  12805
entropy: 5.000000
current:  min_profit:   1248  weight:  12805
entropy: 4.000000
current:  min_profit:   1248  weight:  12805
entropy: 4.000000
current:  min_profit:   1248  weight:  12805
new best: min_profit:   1248  weight:  12801
entropy: 14.000000
current:  min_profit:   1248  weight:  12801
entropy: 9.000000
current:  min_profit:   1248  weight:  12801
entropy: 7.000000
current:  min_profit:   1248  weight:  12801
entropy: 6.000000
current:  min_profit:   1248  weight:  12801
entropy: 5.000000
current:  min_profit:   1248  weight:  12801
entropy: 5.000000
current:  min_profit:   1248  weight:  12801
entropy: 4.000000
current:  min_profit:   1248  weight:  12801
entropy: 4.000000
current:  min_profit:   1248  weight:  12801
entropy: 4.000000
current:  min_profit:   1248  weight:  12801
entropy: 4.000000
current:  min_profit:   1248  weight:  12801
new best: min_profit:   1248  weight:  12798
entropy: 14.000000
current:  min_profit:   1248  weight:  12798
entropy: 9.000000
current:  min_profit:   1248  weight:  12798
entropy: 7.000000
current:  min_profit:   1248  weight:  12798
entropy: 6.000000
current:  min_profit:   1248  weight:  12798
entropy: 5.000000
current:  min_profit:   1248  weight:  12798
entropy: 5.000000
current:  min_profit:   1248  weight:  12798
entropy: 4.000000
current:  min_profit:   1248  weight:  12798
new best: min_profit:   1261  weight:  12751
entropy: 14.000000
current:  min_profit:   1261  weight:  12751
entropy: 9.000000
current:  min_profit:   1261  weight:  12751
entropy: 7.000000
current:  min_profit:   1261  weight:  12751
entropy: 6.000000
current:  min_profit:   1261  weight:  12751
entropy: 5.000000
current:  min_profit:   1261  weight:  12751
entropy: 5.000000
current:  min_profit:   1261  weight:  12751
entropy: 4.000000
current:  min_profit:   1261  weight:  12751
entropy: 4.000000
current:  min_profit:   1261  weight:  12751
entropy: 4.000000
current:  min_profit:   1261  weight:  12751
entropy: 4.000000
current:  min_profit:   1261  weight:  12751
entropy: 4.000000
current:  min_profit:   1261  weight:  12751
entropy: 4.000000
current:  min_profit:   1261  weight:  12751
entropy: 3.000000
current:  min_profit:   1261  weight:  12751
entropy: 3.000000
current:  min_profit:   1261  weight:  12751
entropy: 3.000000
current:  min_profit:   1261  weight:  12751
entropy: 3.000000
current:  min_profit:   1261  weight:  12751
entropy: 3.000000
current:  min_profit:   1261  weight:  12751
entropy: 3.000000
current:  min_profit:   1261  weight:  12751
entropy: 3.000000
current:  min_profit:   1261  weight:  12751
entropy: 3.000000
current:  min_profit:   1261  weight:  12751
entropy: 3.000000
current:  min_profit:   1261  weight:  12751
entropy: 3.000000
current:  min_profit:   1261  weight:  12751
entropy: 3.000000
current:  min_profit:   1261  weight:  12751
entropy: 3.000000
current:  min_profit:   1261  weight:  12751
entropy: 3.000000
current:  min_profit:   1261  weight:  12751
entropy: 3.000000
current:  min_profit:   1261  weight:  12751
entropy: 3.000000
current:  min_profit:   1261  weight:  12751
entropy: 3.000000
current:  min_profit:   1261  weight:  12751
entropy: 3.000000
current:  min_profit:   1261  weight:  12751
entropy: 3.000000
current:  min_profit:   1261  weight:  12751
entropy: 2.000000
current:  min_profit:   1261  weight:  12751
new best: min_profit:   1261  weight:  12722
entropy: 14.000000
current:  min_profit:   1261  weight:  12722
entropy: 9.000000
current:  min_profit:   1261  weight:  12722
entropy: 7.000000
current:  min_profit:   1261  weight:  12722
entropy: 6.000000
current:  min_profit:   1261  weight:  12722
entropy: 5.000000
current:  min_profit:   1261  weight:  12722
entropy: 5.000000
current:  min_profit:   1261  weight:  12722
entropy: 4.000000
current:  min_profit:   1261  weight:  12722
entropy: 4.000000
current:  min_profit:   1261  weight:  12722
entropy: 4.000000
current:  min_profit:   1261  weight:  12722
entropy: 4.000000
current:  min_profit:   1261  weight:  12722
entropy: 4.000000
current:  min_profit:   1261  weight:  12722
entropy: 4.000000
current:  min_profit:   1261  weight:  12722
entropy: 3.000000
current:  min_profit:   1261  weight:  12722
entropy: 3.000000
current:  min_profit:   1261  weight:  12722
entropy: 3.000000
current:  min_profit:   1261  weight:  12722
entropy: 3.000000
current:  min_profit:   1261  weight:  12722
entropy: 3.000000
current:  min_profit:   1261  weight:  12722
entropy: 3.000000
current:  min_profit:   1261  weight:  12722
entropy: 3.000000
current:  min_profit:   1261  weight:  12722
entropy: 3.000000
current:  min_profit:   1261  weight:  12722
entropy: 3.000000
current:  min_profit:   1261  weight:  12722
entropy: 3.000000
current:  min_profit:   1261  weight:  12722
entropy: 3.000000
current:  min_profit:   1261  weight:  12722
entropy: 3.000000
current:  min_profit:   1261  weight:  12722
entropy: 3.000000
current:  min_profit:   1261  weight:  12722
entropy: 3.000000
current:  min_profit:   1261  weight:  12722
new best: min_profit:   1265  weight:  12735
entropy: 14.000000
current:  min_profit:   1265  weight:  12735
entropy: 9.000000
current:  min_profit:   1265  weight:  12735
entropy: 7.000000
current:  min_profit:   1265  weight:  12735
entropy: 6.000000
current:  min_profit:   1265  weight:  12735
entropy: 5.000000
current:  min_profit:   1265  weight:  12735
entropy: 5.000000
current:  min_profit:   1265  weight:  12735
entropy: 4.000000
current:  min_profit:   1265  weight:  12735
entropy: 4.000000
current:  min_profit:   1265  weight:  12735
entropy: 4.000000
current:  min_profit:   1265  weight:  12735
entropy: 4.000000
current:  min_profit:   1265  weight:  12735
entropy: 4.000000
current:  min_profit:   1265  weight:  12735
entropy: 4.000000
current:  min_profit:   1265  weight:  12735
entropy: 3.000000
current:  min_profit:   1265  weight:  12735
entropy: 3.000000
current:  min_profit:   1265  weight:  12735
entropy: 3.000000
current:  min_profit:   1265  weight:  12735
entropy: 3.000000
current:  min_profit:   1265  weight:  12735
entropy: 3.000000
current:  min_profit:   1265  weight:  12735
entropy: 3.000000
current:  min_profit:   1265  weight:  12735
entropy: 3.000000
current:  min_profit:   1265  weight:  12735
entropy: 3.000000
current:  min_profit:   1265  weight:  12735
entropy: 3.000000
current:  min_profit:   1265  weight:  12735
entropy: 3.000000
current:  min_profit:   1265  weight:  12735
entropy: 3.000000
current:  min_profit:   1265  weight:  12735
entropy: 3.000000
current:  min_profit:   1265  weight:  12735
entropy: 3.000000
current:  min_profit:   1265  weight:  12735
entropy: 3.000000
current:  min_profit:   1265  weight:  12735
entropy: 3.000000
current:  min_profit:   1265  weight:  12735
entropy: 3.000000
current:  min_profit:   1265  weight:  12735
entropy: 3.000000
current:  min_profit:   1265  weight:  12735
entropy: 3.000000
current:  min_profit:   1265  weight:  12735
entropy: 2.000000
current:  min_profit:   1265  weight:  12735
entropy: 2.000000
current:  min_profit:   1265  weight:  12735
entropy: 2.000000
current:  min_profit:   1265  weight:  12735
entropy: 2.000000
current:  min_profit:   1265  weight:  12735
entropy: 2.000000
current:  min_profit:   1265  weight:  12735
entropy: 2.000000
current:  min_profit:   1265  weight:  12735
entropy: 2.000000
current:  min_profit:   1265  weight:  12735
entropy: 2.000000
current:  min_profit:   1265  weight:  12735
entropy: 2.000000
current:  min_profit:   1265  weight:  12735
entropy: 2.000000
current:  min_profit:   1265  weight:  12735
entropy: 2.000000
current:  min_profit:   1265  weight:  12735
entropy: 2.000000
current:  min_profit:   1265  weight:  12735
entropy: 2.000000
current:  min_profit:   1265  weight:  12735
entropy: 2.000000
current:  min_profit:   1265  weight:  12735
entropy: 2.000000
current:  min_profit:   1265  weight:  12735
entropy: 2.000000
current:  min_profit:   1265  weight:  12735
entropy: 2.000000
current:  min_profit:   1265  weight:  12735
entropy: 2.000000
current:  min_profit:   1265  weight:  12735
entropy: 2.000000
current:  min_profit:   1265  weight:  12735
entropy: 2.000000
current:  min_profit:   1265  weight:  12735
entropy: 2.000000
current:  min_profit:   1265  weight:  12735
entropy: 2.000000
current:  min_profit:   1265  weight:  12735
entropy: 2.000000
current:  min_profit:   1265  weight:  12735
entropy: 2.000000
current:  min_profit:   1265  weight:  12735
entropy: 2.000000
current:  min_profit:   1265  weight:  12735
entropy: 2.000000
current:  min_profit:   1265  weight:  12735
entropy: 2.000000
current:  min_profit:   1265  weight:  12735
entropy: 2.000000
current:  min_profit:   1265  weight:  12735
entropy: 2.000000
current:  min_profit:   1265  weight:  12735
entropy: 2.000000
current:  min_profit:   1265  weight:  12735
entropy: 2.000000
current:  min_profit:   1265  weight:  12735
entropy: 2.000000
current:  min_profit:   1265  weight:  12735
entropy: 2.000000
current:  min_profit:   1265  weight:  12735
best: 1265
253
