seed = 7590528025764097982
-n 2.000000 (NBC multiplier)
-f 1.500000 (NBF multiplier)
-i 2.000000 (NIT multiplier)
num neighbors = 63
maxNonImprovingIterations = 63
n=1000, g=2, c=12805
Initial solution found (188)
entropy: 14.000000
current:  min_profit:    188  weight:  12800
new best: min_profit:    213  weight:  12733
entropy: 14.000000
current:  min_profit:    213  weight:  12733
new best: min_profit:    272  weight:  12787
entropy: 14.000000
current:  min_profit:    272  weight:  12787
new best: min_profit:    306  weight:  12742
entropy: 14.000000
current:  min_profit:    306  weight:  12742
new best: min_profit:    332  weight:  12787
entropy: 14.000000
current:  min_profit:    332  weight:  12787
new best: min_profit:    340  weight:  12713
entropy: 14.000000
current:  min_profit:    340  weight:  12713
new best: min_profit:    377  weight:  12780
entropy: 14.000000
current:  min_profit:    377  weight:  12780
new best: min_profit:    398  weight:  12797
entropy: 14.000000
current:  min_profit:    398  weight:  12797
new best: min_profit:    437  weight:  12797
entropy: 14.000000
current:  min_profit:    437  weight:  12797
new best: min_profit:    444  weight:  12703
entropy: 14.000000
current:  min_profit:    444  weight:  12703
new best: min_profit:    477  weight:  12789
entropy: 14.000000
current:  min_profit:    477  weight:  12789
new best: min_profit:    502  weight:  12805
entropy: 14.000000
current:  min_profit:    502  weight:  12805
new best: min_profit:    510  weight:  12721
entropy: 14.000000
current:  min_profit:    510  weight:  12721
new best: min_profit:    518  weight:  12761
entropy: 14.000000
current:  min_profit:    518  weight:  12761
new best: min_profit:    541  weight:  12793
entropy: 14.000000
current:  min_profit:    541  weight:  12793
new best: min_profit:    565  weight:  12748
entropy: 14.000000
current:  min_profit:    565  weight:  12748
new best: min_profit:    584  weight:  12783
entropy: 14.000000
current:  min_profit:    584  weight:  12783
new best: min_profit:    590  weight:  12787
entropy: 14.000000
current:  min_profit:    590  weight:  12787
new best: min_profit:    611  weight:  12723
entropy: 14.000000
current:  min_profit:    611  weight:  12723
new best: min_profit:    633  weight:  12796
entropy: 14.000000
current:  min_profit:    633  weight:  12796
new best: min_profit:    646  weight:  12701
entropy: 14.000000
current:  min_profit:    646  weight:  12701
new best: min_profit:    669  weight:  12770
entropy: 14.000000
current:  min_profit:    669  weight:  12770
new best: min_profit:    672  weight:  12778
entropy: 14.000000
current:  min_profit:    672  weight:  12778
new best: min_profit:    701  weight:  12805
entropy: 14.000000
current:  min_profit:    701  weight:  12805
entropy: 9.000000
current:  min_profit:    701  weight:  12805
new best: min_profit:    707  weight:  12726
entropy: 14.000000
current:  min_profit:    707  weight:  12726
entropy: 9.000000
current:  min_profit:    707  weight:  12726
new best: min_profit:    717  weight:  12753
entropy: 14.000000
current:  min_profit:    717  weight:  12753
new best: min_profit:    728  weight:  12680
entropy: 14.000000
current:  min_profit:    728  weight:  12680
new best: min_profit:    748  weight:  12703
entropy: 14.000000
current:  min_profit:    748  weight:  12703
new best: min_profit:    749  weight:  12718
entropy: 14.000000
current:  min_profit:    749  weight:  12718
new best: min_profit:    774  weight:  12762
entropy: 14.000000
current:  min_profit:    774  weight:  12762
new best: min_profit:    788  weight:  12777
entropy: 14.000000
current:  min_profit:    788  weight:  12777
new best: min_profit:    789  weight:  12779
entropy: 14.000000
current:  min_profit:    789  weight:  12779
entropy: 9.000000
current:  min_profit:    789  weight:  12779
new best: min_profit:    797  weight:  12798
entropy: 14.000000
current:  min_profit:    797  weight:  12798
entropy: 9.000000
current:  min_profit:    797  weight:  12798
entropy: 7.000000
current:  min_profit:    797  weight:  12798
new best: min_profit:    799  weight:  12798
entropy: 14.000000
current:  min_profit:    799  weight:  12798
entropy: 9.000000
current:  min_profit:    799  weight:  12798
entropy: 7.000000
current:  min_profit:    799  weight:  12798
new best: min_profit:    806  weight:  12719
entropy: 14.000000
current:  min_profit:    806  weight:  12719
new best: min_profit:    825  weight:  12757
entropy: 14.000000
current:  min_profit:    825  weight:  12757
entropy: 9.000000
current:  min_profit:    825  weight:  12757
new best: min_profit:    832  weight:  12782
entropy: 14.000000
current:  min_profit:    832  weight:  12782
new best: min_profit:    849  weight:  12799
entropy: 14.000000
current:  min_profit:    849  weight:  12799
entropy: 9.000000
current:  min_profit:    849  weight:  12799
entropy: 7.000000
current:  min_profit:    849  weight:  12799
entropy: 6.000000
current:  min_profit:    849  weight:  12799
entropy: 5.000000
current:  min_profit:    849  weight:  12799
new best: min_profit:    850  weight:  12800
entropy: 14.000000
current:  min_profit:    850  weight:  12800
entropy: 9.000000
current:  min_profit:    850  weight:  12800
entropy: 7.000000
current:  min_profit:    850  weight:  12800
entropy: 6.000000
current:  min_profit:    850  weight:  12800
entropy: 5.000000
current:  min_profit:    850  weight:  12800
entropy: 5.000000
current:  min_profit:    850  weight:  12800
new best: min_profit:    877  weight:  12769
entropy: 14.000000
current:  min_profit:    877  weight:  12769
new best: min_profit:    901  weight:  12803
entropy: 14.000000
current:  min_profit:    901  weight:  12803
entropy: 9.000000
current:  min_profit:    901  weight:  12803
entropy: 7.000000
current:  min_profit:    901  weight:  12803
entropy: 6.000000
current:  min_profit:    901  weight:  12803
entropy: 5.000000
current:  min_profit:    901  weight:  12803
new best: min_profit:    909  weight:  12729
entropy: 14.000000
current:  min_profit:    909  weight:  12729
entropy: 9.000000
current:  min_profit:    909  weight:  12729
entropy: 7.000000
current:  min_profit:    909  weight:  12729
entropy: 6.000000
current:  min_profit:    909  weight:  12729
entropy: 5.000000
current:  min_profit:    909  weight:  12729
new best: min_profit:    918  weight:  12745
entropy: 14.000000
current:  min_profit:    918  weight:  12745
entropy: 9.000000
current:  min_profit:    918  weight:  12745
entropy: 7.000000
current:  min_profit:    918  weight:  12745
entropy: 6.000000
current:  min_profit:    918  weight:  12745
new best: min_profit:    934  weight:  12782
entropy: 14.000000
current:  min_profit:    934  weight:  12782
entropy: 9.000000
current:  min_profit:    934  weight:  12782
entropy: 7.000000
current:  min_profit:    934  weight:  12782
new best: min_profit:    938  weight:  12785
entropy: 14.000000
current:  min_profit:    938  weight:  12785
entropy: 9.000000
current:  min_profit:    938  weight:  12785
new best: min_profit:    942  weight:  12796
entropy: 14.000000
current:  min_profit:    942  weight:  12796
new best: min_profit:    945  weight:  12793
entropy: 14.000000
current:  min_profit:    945  weight:  12793
entropy: 9.000000
current:  min_profit:    945  weight:  12793
new best: min_profit:    951  weight:  12708
entropy: 14.000000
current:  min_profit:    951  weight:  12708
entropy: 9.000000
current:  min_profit:    951  weight:  12708
entropy: 7.000000
current:  min_profit:    951  weight:  12708
entropy: 6.000000
current:  min_profit:    951  weight:  12708
entropy: 5.000000
current:  min_profit:    951  weight:  12708
entropy: 5.000000
current:  min_profit:    951  weight:  12708
entropy: 4.000000
current:  min_profit:    951  weight:  12708
entropy: 4.000000
current:  min_profit:    951  weight:  12708
entropy: 4.000000
current:  min_profit:    951  weight:  12708
entropy: 4.000000
current:  min_profit:    951  weight:  12708
entropy: 4.000000
current:  min_profit:    951  weight:  12708
entropy: 4.000000
current:  min_profit:    951  weight:  12708
entropy: 3.000000
current:  min_profit:    951  weight:  12708
entropy: 3.000000
current:  min_profit:    951  weight:  12708
entropy: 3.000000
current:  min_profit:    951  weight:  12708
entropy: 3.000000
current:  min_profit:    951  weight:  12708
entropy: 3.000000
current:  min_profit:    951  weight:  12708
entropy: 3.000000
current:  min_profit:    951  weight:  12708
new best: min_profit:    953  weight:  12712
entropy: 14.000000
current:  min_profit:    953  weight:  12712
entropy: 9.000000
current:  min_profit:    953  weight:  12712
entropy: 7.000000
current:  min_profit:    953  weight:  12712
entropy: 6.000000
current:  min_profit:    953  weight:  12712
entropy: 5.000000
current:  min_profit:    953  weight:  12712
entropy: 5.000000
current:  min_profit:    953  weight:  12712
entropy: 4.000000
current:  min_profit:    953  weight:  12712
entropy: 4.000000
current:  min_profit:    953  weight:  12712
entropy: 4.000000
current:  min_profit:    953  weight:  12712
entropy: 4.000000
current:  min_profit:    953  weight:  12712
entropy: 4.000000
current:  min_profit:    953  weight:  12712
entropy: 4.000000
current:  min_profit:    953  weight:  12712
entropy: 3.000000
current:  min_profit:    953  weight:  12712
entropy: 3.000000
current:  min_profit:    953  weight:  12712
entropy: 3.000000
current:  min_profit:    953  weight:  12712
entropy: 3.000000
current:  min_profit:    953  weight:  12712
entropy: 3.000000
current:  min_profit:    953  weight:  12712
entropy: 3.000000
current:  min_profit:    953  weight:  12712
entropy: 3.000000
current:  min_profit:    953  weight:  12712
entropy: 3.000000
current:  min_profit:    953  weight:  12712
entropy: 3.000000
current:  min_profit:    953  weight:  12712
entropy: 3.000000
current:  min_profit:    953  weight:  12712
new best: min_profit:    963  weight:  12739
entropy: 14.000000
current:  min_profit:    963  weight:  12739
entropy: 9.000000
current:  min_profit:    963  weight:  12739
entropy: 7.000000
current:  min_profit:    963  weight:  12739
entropy: 6.000000
current:  min_profit:    963  weight:  12739
entropy: 5.000000
current:  min_profit:    963  weight:  12739
entropy: 5.000000
current:  min_profit:    963  weight:  12739
entropy: 4.000000
current:  min_profit:    963  weight:  12739
entropy: 4.000000
current:  min_profit:    963  weight:  12739
new best: min_profit:    987  weight:  12779
entropy: 14.000000
current:  min_profit:    987  weight:  12779
entropy: 9.000000
current:  min_profit:    987  weight:  12779
entropy: 7.000000
current:  min_profit:    987  weight:  12779
entropy: 6.000000
current:  min_profit:    987  weight:  12779
new best: min_profit:    991  weight:  12792
entropy: 14.000000
current:  min_profit:    991  weight:  12792
entropy: 9.000000
current:  min_profit:    991  weight:  12792
entropy: 7.000000
current:  min_profit:    991  weight:  12792
entropy: 6.000000
current:  min_profit:    991  weight:  12792
entropy: 5.000000
current:  min_profit:    991  weight:  12792
entropy: 5.000000
current:  min_profit:    991  weight:  12792
entropy: 4.000000
current:  min_profit:    991  weight:  12792
new best: min_profit:    996  weight:  12803
entropy: 14.000000
current:  min_profit:    996  weight:  12803
entropy: 9.000000
current:  min_profit:    996  weight:  12803
entropy: 7.000000
current:  min_profit:    996  weight:  12803
entropy: 6.000000
current:  min_profit:    996  weight:  12803
entropy: 5.000000
current:  min_profit:    996  weight:  12803
entropy: 5.000000
current:  min_profit:    996  weight:  12803
entropy: 4.000000
current:  min_profit:    996  weight:  12803
entropy: 4.000000
current:  min_profit:    996  weight:  12803
entropy: 4.000000
current:  min_profit:    996  weight:  12803
new best: min_profit:    997  weight:  12800
entropy: 14.000000
current:  min_profit:    997  weight:  12800
entropy: 9.000000
current:  min_profit:    997  weight:  12800
entropy: 7.000000
current:  min_profit:    997  weight:  12800
entropy: 6.000000
current:  min_profit:    997  weight:  12800
entropy: 5.000000
current:  min_profit:    997  weight:  12800
entropy: 5.000000
current:  min_profit:    997  weight:  12800
entropy: 4.000000
current:  min_profit:    997  weight:  12800
new best: min_profit:    997  weight:  12794
entropy: 14.000000
current:  min_profit:    997  weight:  12794
entropy: 9.000000
current:  min_profit:    997  weight:  12794
entropy: 7.000000
current:  min_profit:    997  weight:  12794
entropy: 6.000000
current:  min_profit:    997  weight:  12794
entropy: 5.000000
current:  min_profit:    997  weight:  12794
entropy: 5.000000
current:  min_profit:    997  weight:  12794
new best: min_profit:   1006  weight:  12743
entropy: 14.000000
current:  min_profit:   1006  weight:  12743
entropy: 9.000000
current:  min_profit:   1006  weight:  12743
new best: min_profit:   1035  weight:  12798
entropy: 14.000000
current:  min_profit:   1035  weight:  12798
entropy: 9.000000
current:  min_profit:   1035  weight:  12798
entropy: 7.000000
current:  min_profit:   1035  weight:  12798
entropy: 6.000000
current:  min_profit:   1035  weight:  12798
entropy: 5.000000
current:  min_profit:   1035  weight:  12798
new best: min_profit:   1044  weight:  12695
entropy: 14.000000
current:  min_profit:   1044  weight:  12695
entropy: 9.000000
current:  min_profit:   1044  weight:  12695
entropy: 7.000000
current:  min_profit:   1044  weight:  12695
new best: min_profit:   1049  weight:  12798
entropy: 14.000000
current:  min_profit:   1049  weight:  12798
entropy: 9.000000
current:  min_profit:   1049  weight:  12798
entropy: 7.000000
current:  min_profit:   1049  weight:  12798
entropy: 6.000000
current:  min_profit:   1049  weight:  12798
entropy: 5.000000
current:  min_profit:   1049  weight:  12798
entropy: 5.000000
current:  min_profit:   1049  weight:  12798
entropy: 4.000000
current:  min_profit:   1049  weight:  12798
entropy: 4.000000
current:  min_profit:   1049  weight:  12798
entropy: 4.000000
current:  min_profit:   1049  weight:  12798
entropy: 4.000000
current:  min_profit:   1049  weight:  12798
entropy: 4.000000
current:  min_profit:   1049  weight:  12798
entropy: 4.000000
current:  min_profit:   1049  weight:  12798
entropy: 3.000000
current:  min_profit:   1049  weight:  12798
entropy: 3.000000
current:  min_profit:   1049  weight:  12798
entropy: 3.000000
current:  min_profit:   1049  weight:  12798
entropy: 3.000000
current:  min_profit:   1049  weight:  12798
entropy: 3.000000
current:  min_profit:   1049  weight:  12798
entropy: 3.000000
current:  min_profit:   1049  weight:  12798
entropy: 3.000000
current:  min_profit:   1049  weight:  12798
entropy: 3.000000
current:  min_profit:   1049  weight:  12798
entropy: 3.000000
current:  min_profit:   1049  weight:  12798
new best: min_profit:   1057  weight:  12627
entropy: 14.000000
current:  min_profit:   1057  weight:  12627
entropy: 9.000000
current:  min_profit:   1057  weight:  12627
entropy: 7.000000
current:  min_profit:   1057  weight:  12627
entropy: 6.000000
current:  min_profit:   1057  weight:  12627
new best: min_profit:   1061  weight:  12746
entropy: 14.000000
current:  min_profit:   1061  weight:  12746
entropy: 9.000000
current:  min_profit:   1061  weight:  12746
entropy: 7.000000
current:  min_profit:   1061  weight:  12746
entropy: 6.000000
current:  min_profit:   1061  weight:  12746
entropy: 5.000000
current:  min_profit:   1061  weight:  12746
entropy: 5.000000
current:  min_profit:   1061  weight:  12746
entropy: 4.000000
current:  min_profit:   1061  weight:  12746
entropy: 4.000000
current:  min_profit:   1061  weight:  12746
new best: min_profit:   1076  weight:  12769
entropy: 14.000000
current:  min_profit:   1076  weight:  12769
entropy: 9.000000
current:  min_profit:   1076  weight:  12769
entropy: 7.000000
current:  min_profit:   1076  weight:  12769
entropy: 6.000000
current:  min_profit:   1076  weight:  12769
new best: min_profit:   1083  weight:  12769
entropy: 14.000000
current:  min_profit:   1083  weight:  12769
entropy: 9.000000
current:  min_profit:   1083  weight:  12769
entropy: 7.000000
current:  min_profit:   1083  weight:  12769
new best: min_profit:   1085  weight:  12778
entropy: 14.000000
current:  min_profit:   1085  weight:  12778
entropy: 9.000000
current:  min_profit:   1085  weight:  12778
entropy: 7.000000
current:  min_profit:   1085  weight:  12778
entropy: 6.000000
current:  min_profit:   1085  weight:  12778
entropy: 5.000000
current:  min_profit:   1085  weight:  12778
new best: min_profit:   1100  weight:  12803
entropy: 14.000000
current:  min_profit:   1100  weight:  12803
entropy: 9.000000
current:  min_profit:   1100  weight:  12803
entropy: 7.000000
current:  min_profit:   1100  weight:  12803
entropy: 6.000000
current:  min_profit:   1100  weight:  12803
entropy: 5.000000
current:  min_profit:   1100  weight:  12803
entropy: 5.000000
current:  min_profit:   1100  weight:  12803
entropy: 4.000000
current:  min_profit:   1100  weight:  12803
entropy: 4.000000
current:  min_profit:   1100  weight:  12803
entropy: 4.000000
current:  min_profit:   1100  weight:  12803
entropy: 4.000000
current:  min_profit:   1100  weight:  12803
entropy: 4.000000
current:  min_profit:   1100  weight:  12803
entropy: 4.000000
current:  min_profit:   1100  weight:  12803
entropy: 3.000000
current:  min_profit:   1100  weight:  12803
entropy: 3.000000
current:  min_profit:   1100  weight:  12803
entropy: 3.000000
current:  min_profit:   1100  weight:  12803
entropy: 3.000000
current:  min_profit:   1100  weight:  12803
entropy: 3.000000
current:  min_profit:   1100  weight:  12803
entropy: 3.000000
current:  min_profit:   1100  weight:  12803
entropy: 3.000000
current:  min_profit:   1100  weight:  12803
entropy: 3.000000
current:  min_profit:   1100  weight:  12803
entropy: 3.000000
current:  min_profit:   1100  weight:  12803
entropy: 3.000000
current:  min_profit:   1100  weight:  12803
entropy: 3.000000
current:  min_profit:   1100  weight:  12803
entropy: 3.000000
current:  min_profit:   1100  weight:  12803
entropy: 3.000000
current:  min_profit:   1100  weight:  12803
entropy: 3.000000
current:  min_profit:   1100  weight:  12803
new best: min_profit:   1106  weight:  12713
entropy: 14.000000
current:  min_profit:   1106  weight:  12713
entropy: 9.000000
current:  min_profit:   1106  weight:  12713
entropy: 7.000000
current:  min_profit:   1106  weight:  12713
entropy: 6.000000
current:  min_profit:   1106  weight:  12713
entropy: 5.000000
current:  min_profit:   1106  weight:  12713
entropy: 5.000000
current:  min_profit:   1106  weight:  12713
entropy: 4.000000
current:  min_profit:   1106  weight:  12713
entropy: 4.000000
current:  min_profit:   1106  weight:  12713
entropy: 4.000000
current:  min_profit:   1106  weight:  12713
new best: min_profit:   1111  weight:  12737
entropy: 14.000000
current:  min_profit:   1111  weight:  12737
entropy: 9.000000
current:  min_profit:   1111  weight:  12737
entropy: 7.000000
current:  min_profit:   1111  weight:  12737
entropy: 6.000000
current:  min_profit:   1111  weight:  12737
entropy: 5.000000
current:  min_profit:   1111  weight:  12737
entropy: 5.000000
current:  min_profit:   1111  weight:  12737
entropy: 4.000000
current:  min_profit:   1111  weight:  12737
entropy: 4.000000
current:  min_profit:   1111  weight:  12737
entropy: 4.000000
current:  min_profit:   1111  weight:  12737
entropy: 4.000000
current:  min_profit:   1111  weight:  12737
entropy: 4.000000
current:  min_profit:   1111  weight:  12737
entropy: 4.000000
current:  min_profit:   1111  weight:  12737
entropy: 3.000000
current:  min_profit:   1111  weight:  12737
entropy: 3.000000
current:  min_profit:   1111  weight:  12737
entropy: 3.000000
current:  min_profit:   1111  weight:  12737
entropy: 3.000000
current:  min_profit:   1111  weight:  12737
entropy: 3.000000
current:  min_profit:   1111  weight:  12737
entropy: 3.000000
current:  min_profit:   1111  weight:  12737
entropy: 3.000000
current:  min_profit:   1111  weight:  12737
entropy: 3.000000
current:  min_profit:   1111  weight:  12737
new best: min_profit:   1114  weight:  12636
entropy: 14.000000
current:  min_profit:   1114  weight:  12636
entropy: 9.000000
current:  min_profit:   1114  weight:  12636
entropy: 7.000000
current:  min_profit:   1114  weight:  12636
new best: min_profit:   1135  weight:  12784
entropy: 14.000000
current:  min_profit:   1135  weight:  12784
entropy: 9.000000
current:  min_profit:   1135  weight:  12784
entropy: 7.000000
current:  min_profit:   1135  weight:  12784
new best: min_profit:   1143  weight:  12795
entropy: 14.000000
current:  min_profit:   1143  weight:  12795
entropy: 9.000000
current:  min_profit:   1143  weight:  12795
entropy: 7.000000
current:  min_profit:   1143  weight:  12795
entropy: 6.000000
current:  min_profit:   1143  weight:  12795
entropy: 5.000000
current:  min_profit:   1143  weight:  12795
entropy: 5.000000
current:  min_profit:   1143  weight:  12795
entropy: 4.000000
current:  min_profit:   1143  weight:  12795
entropy: 4.000000
current:  min_profit:   1143  weight:  12795
entropy: 4.000000
current:  min_profit:   1143  weight:  12795
entropy: 4.000000
current:  min_profit:   1143  weight:  12795
entropy: 4.000000
current:  min_profit:   1143  weight:  12795
entropy: 4.000000
current:  min_profit:   1143  weight:  12795
entropy: 3.000000
current:  min_profit:   1143  weight:  12795
entropy: 3.000000
current:  min_profit:   1143  weight:  12795
entropy: 3.000000
current:  min_profit:   1143  weight:  12795
new best: min_profit:   1144  weight:  12690
entropy: 14.000000
current:  min_profit:   1144  weight:  12690
entropy: 9.000000
current:  min_profit:   1144  weight:  12690
entropy: 7.000000
current:  min_profit:   1144  weight:  12690
entropy: 6.000000
current:  min_profit:   1144  weight:  12690
entropy: 5.000000
current:  min_profit:   1144  weight:  12690
entropy: 5.000000
current:  min_profit:   1144  weight:  12690
new best: min_profit:   1146  weight:  12793
entropy: 14.000000
current:  min_profit:   1146  weight:  12793
entropy: 9.000000
current:  min_profit:   1146  weight:  12793
entropy: 7.000000
current:  min_profit:   1146  weight:  12793
entropy: 6.000000
current:  min_profit:   1146  weight:  12793
entropy: 5.000000
current:  min_profit:   1146  weight:  12793
entropy: 5.000000
current:  min_profit:   1146  weight:  12793
entropy: 4.000000
current:  min_profit:   1146  weight:  12793
entropy: 4.000000
current:  min_profit:   1146  weight:  12793
entropy: 4.000000
current:  min_profit:   1146  weight:  12793
entropy: 4.000000
current:  min_profit:   1146  weight:  12793
entropy: 4.000000
current:  min_profit:   1146  weight:  12793
entropy: 4.000000
current:  min_profit:   1146  weight:  12793
entropy: 3.000000
current:  min_profit:   1146  weight:  12793
entropy: 3.000000
current:  min_profit:   1146  weight:  12793
entropy: 3.000000
current:  min_profit:   1146  weight:  12793
new best: min_profit:   1148  weight:  12800
entropy: 14.000000
current:  min_profit:   1148  weight:  12800
entropy: 9.000000
current:  min_profit:   1148  weight:  12800
entropy: 7.000000
current:  min_profit:   1148  weight:  12800
entropy: 6.000000
current:  min_profit:   1148  weight:  12800
entropy: 5.000000
current:  min_profit:   1148  weight:  12800
entropy: 5.000000
current:  min_profit:   1148  weight:  12800
entropy: 4.000000
current:  min_profit:   1148  weight:  12800
entropy: 4.000000
current:  min_profit:   1148  weight:  12800
entropy: 4.000000
current:  min_profit:   1148  weight:  12800
entropy: 4.000000
current:  min_profit:   1148  weight:  12800
entropy: 4.000000
current:  min_profit:   1148  weight:  12800
entropy: 4.000000
current:  min_profit:   1148  weight:  12800
entropy: 3.000000
current:  min_profit:   1148  weight:  12800
entropy: 3.000000
current:  min_profit:   1148  weight:  12800
entropy: 3.000000
current:  min_profit:   1148  weight:  12800
entropy: 3.000000
current:  min_profit:   1148  weight:  12800
new best: min_profit:   1150  weight:  12801
entropy: 14.000000
current:  min_profit:   1150  weight:  12801
entropy: 9.000000
current:  min_profit:   1150  weight:  12801
entropy: 7.000000
current:  min_profit:   1150  weight:  12801
entropy: 6.000000
current:  min_profit:   1150  weight:  12801
entropy: 5.000000
current:  min_profit:   1150  weight:  12801
entropy: 5.000000
current:  min_profit:   1150  weight:  12801
entropy: 4.000000
current:  min_profit:   1150  weight:  12801
entropy: 4.000000
current:  min_profit:   1150  weight:  12801
entropy: 4.000000
current:  min_profit:   1150  weight:  12801
entropy: 4.000000
current:  min_profit:   1150  weight:  12801
entropy: 4.000000
current:  min_profit:   1150  weight:  12801
entropy: 4.000000
current:  min_profit:   1150  weight:  12801
entropy: 3.000000
current:  min_profit:   1150  weight:  12801
entropy: 3.000000
current:  min_profit:   1150  weight:  12801
entropy: 3.000000
current:  min_profit:   1150  weight:  12801
entropy: 3.000000
current:  min_profit:   1150  weight:  12801
entropy: 3.000000
current:  min_profit:   1150  weight:  12801
new best: min_profit:   1151  weight:  12805
entropy: 14.000000
current:  min_profit:   1151  weight:  12805
entropy: 9.000000
current:  min_profit:   1151  weight:  12805
entropy: 7.000000
current:  min_profit:   1151  weight:  12805
entropy: 6.000000
current:  min_profit:   1151  weight:  12805
entropy: 5.000000
current:  min_profit:   1151  weight:  12805
entropy: 5.000000
current:  min_profit:   1151  weight:  12805
entropy: 4.000000
current:  min_profit:   1151  weight:  12805
entropy: 4.000000
current:  min_profit:   1151  weight:  12805
entropy: 4.000000
current:  min_profit:   1151  weight:  12805
entropy: 4.000000
current:  min_profit:   1151  weight:  12805
entropy: 4.000000
current:  min_profit:   1151  weight:  12805
entropy: 4.000000
current:  min_profit:   1151  weight:  12805
entropy: 3.000000
current:  min_profit:   1151  weight:  12805
entropy: 3.000000
current:  min_profit:   1151  weight:  12805
entropy: 3.000000
current:  min_profit:   1151  weight:  12805
entropy: 3.000000
current:  min_profit:   1151  weight:  12805
entropy: 3.000000
current:  min_profit:   1151  weight:  12805
entropy: 3.000000
current:  min_profit:   1151  weight:  12805
entropy: 3.000000
current:  min_profit:   1151  weight:  12805
entropy: 3.000000
current:  min_profit:   1151  weight:  12805
entropy: 3.000000
current:  min_profit:   1151  weight:  12805
entropy: 3.000000
current:  min_profit:   1151  weight:  12805
entropy: 3.000000
current:  min_profit:   1151  weight:  12805
entropy: 3.000000
current:  min_profit:   1151  weight:  12805
entropy: 3.000000
current:  min_profit:   1151  weight:  12805
entropy: 3.000000
current:  min_profit:   1151  weight:  12805
entropy: 3.000000
current:  min_profit:   1151  weight:  12805
entropy: 3.000000
current:  min_profit:   1151  weight:  12805
entropy: 3.000000
current:  min_profit:   1151  weight:  12805
entropy: 3.000000
current:  min_profit:   1151  weight:  12805
entropy: 2.000000
current:  min_profit:   1151  weight:  12805
entropy: 2.000000
current:  min_profit:   1151  weight:  12805
entropy: 2.000000
current:  min_profit:   1151  weight:  12805
entropy: 2.000000
current:  min_profit:   1151  weight:  12805
entropy: 2.000000
current:  min_profit:   1151  weight:  12805
entropy: 2.000000
current:  min_profit:   1151  weight:  12805
entropy: 2.000000
current:  min_profit:   1151  weight:  12805
entropy: 2.000000
current:  min_profit:   1151  weight:  12805
entropy: 2.000000
current:  min_profit:   1151  weight:  12805
entropy: 2.000000
current:  min_profit:   1151  weight:  12805
entropy: 2.000000
current:  min_profit:   1151  weight:  12805
entropy: 2.000000
current:  min_profit:   1151  weight:  12805
entropy: 2.000000
current:  min_profit:   1151  weight:  12805
entropy: 2.000000
current:  min_profit:   1151  weight:  12805
entropy: 2.000000
current:  min_profit:   1151  weight:  12805
entropy: 2.000000
current:  min_profit:   1151  weight:  12805
entropy: 2.000000
current:  min_profit:   1151  weight:  12805
entropy: 2.000000
current:  min_profit:   1151  weight:  12805
entropy: 2.000000
current:  min_profit:   1151  weight:  12805
entropy: 2.000000
current:  min_profit:   1151  weight:  12805
entropy: 2.000000
current:  min_profit:   1151  weight:  12805
entropy: 2.000000
current:  min_profit:   1151  weight:  12805
entropy: 2.000000
current:  min_profit:   1151  weight:  12805
entropy: 2.000000
current:  min_profit:   1151  weight:  12805
entropy: 2.000000
current:  min_profit:   1151  weight:  12805
entropy: 2.000000
current:  min_profit:   1151  weight:  12805
entropy: 2.000000
current:  min_profit:   1151  weight:  12805
entropy: 2.000000
current:  min_profit:   1151  weight:  12805
entropy: 2.000000
current:  min_profit:   1151  weight:  12805
entropy: 2.000000
current:  min_profit:   1151  weight:  12805
entropy: 2.000000
current:  min_profit:   1151  weight:  12805
entropy: 2.000000
current:  min_profit:   1151  weight:  12805
entropy: 2.000000
current:  min_profit:   1151  weight:  12805
best: 1151
225
