seed = 9187580332018646336
-n 0.090000 (NBC multiplier)
-f 1.000000 (NBF multiplier)
-i 0.090000 (NIT multiplier)
num neighbors = 12
maxNonImprovingIterations = 12
n=20000, g=50, c=254940
Initial solution found (4205)
entropy: 14.000000
current:  min_profit:   4205  weight: 254923
new best: min_profit:   4219  weight: 254906
entropy: 14.000000
current:  min_profit:   4219  weight: 254906
new best: min_profit:   4231  weight: 254917
entropy: 14.000000
current:  min_profit:   4231  weight: 254917
new best: min_profit:   4231  weight: 254851
entropy: 14.000000
current:  min_profit:   4231  weight: 254851
entropy: 9.000000
current:  min_profit:   4231  weight: 254851
new best: min_profit:   4245  weight: 254926
entropy: 14.000000
current:  min_profit:   4245  weight: 254926
new best: min_profit:   4263  weight: 254928
entropy: 14.000000
current:  min_profit:   4263  weight: 254928
new best: min_profit:   4275  weight: 254893
entropy: 14.000000
current:  min_profit:   4275  weight: 254893
new best: min_profit:   4282  weight: 254882
entropy: 14.000000
current:  min_profit:   4282  weight: 254882
new best: min_profit:   4282  weight: 254875
entropy: 14.000000
current:  min_profit:   4282  weight: 254875
new best: min_profit:   4302  weight: 254940
entropy: 14.000000
current:  min_profit:   4302  weight: 254940
new best: min_profit:   4302  weight: 254882
entropy: 14.000000
current:  min_profit:   4302  weight: 254882
new best: min_profit:   4302  weight: 254863
entropy: 14.000000
current:  min_profit:   4302  weight: 254863
entropy: 9.000000
current:  min_profit:   4302  weight: 254863
new best: min_profit:   4302  weight: 254717
entropy: 14.000000
current:  min_profit:   4302  weight: 254717
new best: min_profit:   4313  weight: 254865
entropy: 14.000000
current:  min_profit:   4313  weight: 254865
new best: min_profit:   4314  weight: 254909
entropy: 14.000000
current:  min_profit:   4314  weight: 254909
new best: min_profit:   4314  weight: 254895
entropy: 14.000000
current:  min_profit:   4314  weight: 254895
new best: min_profit:   4314  weight: 254858
entropy: 14.000000
current:  min_profit:   4314  weight: 254858
new best: min_profit:   4314  weight: 254785
entropy: 14.000000
current:  min_profit:   4314  weight: 254785
new best: min_profit:   4326  weight: 254922
entropy: 14.000000
current:  min_profit:   4326  weight: 254922
new best: min_profit:   4341  weight: 254867
entropy: 14.000000
current:  min_profit:   4341  weight: 254867
entropy: 9.000000
current:  min_profit:   4341  weight: 254867
new best: min_profit:   4341  weight: 254841
entropy: 14.000000
current:  min_profit:   4341  weight: 254841
new best: min_profit:   4341  weight: 254798
entropy: 14.000000
current:  min_profit:   4341  weight: 254798
new best: min_profit:   4348  weight: 254919
entropy: 14.000000
current:  min_profit:   4348  weight: 254919
entropy: 9.000000
current:  min_profit:   4348  weight: 254919
new best: min_profit:   4348  weight: 254843
entropy: 14.000000
current:  min_profit:   4348  weight: 254843
new best: min_profit:   4364  weight: 254852
entropy: 14.000000
current:  min_profit:   4364  weight: 254852
new best: min_profit:   4366  weight: 254877
entropy: 14.000000
current:  min_profit:   4366  weight: 254877
new best: min_profit:   4368  weight: 254896
entropy: 14.000000
current:  min_profit:   4368  weight: 254896
new best: min_profit:   4368  weight: 254868
entropy: 14.000000
current:  min_profit:   4368  weight: 254868
new best: min_profit:   4372  weight: 254940
entropy: 14.000000
current:  min_profit:   4372  weight: 254940
new best: min_profit:   4372  weight: 254890
entropy: 14.000000
current:  min_profit:   4372  weight: 254890
new best: min_profit:   4372  weight: 254859
entropy: 14.000000
current:  min_profit:   4372  weight: 254859
entropy: 9.000000
current:  min_profit:   4372  weight: 254859
new best: min_profit:   4377  weight: 254883
entropy: 14.000000
current:  min_profit:   4377  weight: 254883
new best: min_profit:   4377  weight: 254869
entropy: 14.000000
current:  min_profit:   4377  weight: 254869
new best: min_profit:   4379  weight: 254877
entropy: 14.000000
current:  min_profit:   4379  weight: 254877
entropy: 9.000000
current:  min_profit:   4379  weight: 254877
new best: min_profit:   4379  weight: 254860
entropy: 14.000000
current:  min_profit:   4379  weight: 254860
entropy: 9.000000
current:  min_profit:   4379  weight: 254860
new best: min_profit:   4381  weight: 254853
entropy: 14.000000
current:  min_profit:   4381  weight: 254853
entropy: 9.000000
current:  min_profit:   4381  weight: 254853
entropy: 7.000000
current:  min_profit:   4381  weight: 254853
new best: min_profit:   4385  weight: 254879
entropy: 14.000000
current:  min_profit:   4385  weight: 254879
new best: min_profit:   4385  weight: 254840
entropy: 14.000000
current:  min_profit:   4385  weight: 254840
new best: min_profit:   4399  weight: 254936
entropy: 14.000000
current:  min_profit:   4399  weight: 254936
new best: min_profit:   4399  weight: 254815
entropy: 14.000000
current:  min_profit:   4399  weight: 254815
entropy: 9.000000
current:  min_profit:   4399  weight: 254815
entropy: 7.000000
current:  min_profit:   4399  weight: 254815
new best: min_profit:   4407  weight: 254868
entropy: 14.000000
current:  min_profit:   4407  weight: 254868
new best: min_profit:   4407  weight: 254858
entropy: 14.000000
current:  min_profit:   4407  weight: 254858
new best: min_profit:   4410  weight: 254883
entropy: 14.000000
current:  min_profit:   4410  weight: 254883
new best: min_profit:   4410  weight: 254860
entropy: 14.000000
current:  min_profit:   4410  weight: 254860
entropy: 9.000000
current:  min_profit:   4410  weight: 254860
entropy: 7.000000
current:  min_profit:   4410  weight: 254860
new best: min_profit:   4413  weight: 254903
entropy: 14.000000
current:  min_profit:   4413  weight: 254903
new best: min_profit:   4413  weight: 254870
entropy: 14.000000
current:  min_profit:   4413  weight: 254870
entropy: 9.000000
current:  min_profit:   4413  weight: 254870
new best: min_profit:   4413  weight: 254793
entropy: 14.000000
current:  min_profit:   4413  weight: 254793
new best: min_profit:   4413  weight: 254661
entropy: 14.000000
current:  min_profit:   4413  weight: 254661
entropy: 9.000000
current:  min_profit:   4413  weight: 254661
new best: min_profit:   4417  weight: 254857
entropy: 14.000000
current:  min_profit:   4417  weight: 254857
new best: min_profit:   4418  weight: 254871
entropy: 14.000000
current:  min_profit:   4418  weight: 254871
new best: min_profit:   4429  weight: 254912
entropy: 14.000000
current:  min_profit:   4429  weight: 254912
entropy: 9.000000
current:  min_profit:   4429  weight: 254912
new best: min_profit:   4429  weight: 254865
entropy: 14.000000
current:  min_profit:   4429  weight: 254865
new best: min_profit:   4432  weight: 254903
entropy: 14.000000
current:  min_profit:   4432  weight: 254903
new best: min_profit:   4432  weight: 254880
entropy: 14.000000
current:  min_profit:   4432  weight: 254880
new best: min_profit:   4432  weight: 254864
entropy: 14.000000
current:  min_profit:   4432  weight: 254864
new best: min_profit:   4432  weight: 254857
entropy: 14.000000
current:  min_profit:   4432  weight: 254857
new best: min_profit:   4432  weight: 254854
entropy: 14.000000
current:  min_profit:   4432  weight: 254854
new best: min_profit:   4435  weight: 254904
entropy: 14.000000
current:  min_profit:   4435  weight: 254904
new best: min_profit:   4435  weight: 254903
entropy: 14.000000
current:  min_profit:   4435  weight: 254903
entropy: 9.000000
current:  min_profit:   4435  weight: 254903
entropy: 7.000000
current:  min_profit:   4435  weight: 254903
new best: min_profit:   4435  weight: 254870
entropy: 14.000000
current:  min_profit:   4435  weight: 254870
entropy: 9.000000
current:  min_profit:   4435  weight: 254870
new best: min_profit:   4447  weight: 254922
entropy: 14.000000
current:  min_profit:   4447  weight: 254922
new best: min_profit:   4447  weight: 254902
entropy: 14.000000
current:  min_profit:   4447  weight: 254902
entropy: 9.000000
current:  min_profit:   4447  weight: 254902
new best: min_profit:   4454  weight: 254898
entropy: 14.000000
current:  min_profit:   4454  weight: 254898
entropy: 9.000000
current:  min_profit:   4454  weight: 254898
entropy: 7.000000
current:  min_profit:   4454  weight: 254898
entropy: 6.000000
current:  min_profit:   4454  weight: 254898
new best: min_profit:   4454  weight: 254833
entropy: 14.000000
current:  min_profit:   4454  weight: 254833
entropy: 9.000000
current:  min_profit:   4454  weight: 254833
entropy: 7.000000
current:  min_profit:   4454  weight: 254833
entropy: 6.000000
current:  min_profit:   4454  weight: 254833
entropy: 5.000000
current:  min_profit:   4454  weight: 254833
entropy: 5.000000
current:  min_profit:   4454  weight: 254833
entropy: 4.000000
current:  min_profit:   4454  weight: 254833
entropy: 4.000000
current:  min_profit:   4454  weight: 254833
entropy: 4.000000
current:  min_profit:   4454  weight: 254833
new best: min_profit:   4454  weight: 254694
entropy: 14.000000
current:  min_profit:   4454  weight: 254694
entropy: 9.000000
current:  min_profit:   4454  weight: 254694
new best: min_profit:   4462  weight: 254895
entropy: 14.000000
current:  min_profit:   4462  weight: 254895
new best: min_profit:   4462  weight: 254873
entropy: 14.000000
current:  min_profit:   4462  weight: 254873
entropy: 9.000000
current:  min_profit:   4462  weight: 254873
new best: min_profit:   4462  weight: 254868
entropy: 14.000000
current:  min_profit:   4462  weight: 254868
new best: min_profit:   4464  weight: 254861
entropy: 14.000000
current:  min_profit:   4464  weight: 254861
new best: min_profit:   4464  weight: 254858
entropy: 14.000000
current:  min_profit:   4464  weight: 254858
entropy: 9.000000
current:  min_profit:   4464  weight: 254858
entropy: 7.000000
current:  min_profit:   4464  weight: 254858
entropy: 6.000000
current:  min_profit:   4464  weight: 254858
new best: min_profit:   4464  weight: 254854
entropy: 14.000000
current:  min_profit:   4464  weight: 254854
entropy: 9.000000
current:  min_profit:   4464  weight: 254854
entropy: 7.000000
current:  min_profit:   4464  weight: 254854
entropy: 6.000000
current:  min_profit:   4464  weight: 254854
entropy: 5.000000
current:  min_profit:   4464  weight: 254854
entropy: 5.000000
current:  min_profit:   4464  weight: 254854
new best: min_profit:   4464  weight: 254811
entropy: 14.000000
current:  min_profit:   4464  weight: 254811
entropy: 9.000000
current:  min_profit:   4464  weight: 254811
entropy: 7.000000
current:  min_profit:   4464  weight: 254811
entropy: 6.000000
current:  min_profit:   4464  weight: 254811
entropy: 5.000000
current:  min_profit:   4464  weight: 254811
entropy: 5.000000
current:  min_profit:   4464  weight: 254811
entropy: 4.000000
current:  min_profit:   4464  weight: 254811
entropy: 4.000000
current:  min_profit:   4464  weight: 254811
entropy: 4.000000
current:  min_profit:   4464  weight: 254811
entropy: 4.000000
current:  min_profit:   4464  weight: 254811
entropy: 3.000000
current:  min_profit:   4464  weight: 254811
entropy: 3.000000
current:  min_profit:   4464  weight: 254811
best: 4464
340
