seed = 8252787830524313483
-n 0.050000 (NBC multiplier)
-f 1.000000 (NBF multiplier)
-i 0.050000 (NIT multiplier)
num neighbors = 10
maxNonImprovingIterations = 10
n=40000, g=200, c=2000000
Initial solution found (5749)
entropy: 15.000000
current:  min_profit:   5749  weight: 1999796
new best: min_profit:   5749  weight: 1999500
entropy: 15.000000
current:  min_profit:   5749  weight: 1999500
new best: min_profit:   5749  weight: 1999465
entropy: 15.000000
current:  min_profit:   5749  weight: 1999465
entropy: 9.000000
current:  min_profit:   5749  weight: 1999465
entropy: 7.000000
current:  min_profit:   5749  weight: 1999465
new best: min_profit:   5749  weight: 1999396
entropy: 15.000000
current:  min_profit:   5749  weight: 1999396
entropy: 9.000000
current:  min_profit:   5749  weight: 1999396
entropy: 7.000000
current:  min_profit:   5749  weight: 1999396
entropy: 6.000000
current:  min_profit:   5749  weight: 1999396
entropy: 5.000000
current:  min_profit:   5749  weight: 1999396
entropy: 5.000000
current:  min_profit:   5749  weight: 1999396
entropy: 5.000000
current:  min_profit:   5749  weight: 1999396
new best: min_profit:   5749  weight: 1999394
entropy: 15.000000
current:  min_profit:   5749  weight: 1999394
entropy: 9.000000
current:  min_profit:   5749  weight: 1999394
entropy: 7.000000
current:  min_profit:   5749  weight: 1999394
entropy: 6.000000
current:  min_profit:   5749  weight: 1999394
entropy: 5.000000
current:  min_profit:   5749  weight: 1999394
new best: min_profit:   6210  weight: 1999501
entropy: 15.000000
current:  min_profit:   6210  weight: 1999501
new best: min_profit:   6210  weight: 1999492
entropy: 15.000000
current:  min_profit:   6210  weight: 1999492
entropy: 9.000000
current:  min_profit:   6210  weight: 1999492
entropy: 7.000000
current:  min_profit:   6210  weight: 1999492
new best: min_profit:   6210  weight: 1999243
entropy: 15.000000
current:  min_profit:   6210  weight: 1999243
entropy: 9.000000
current:  min_profit:   6210  weight: 1999243
entropy: 7.000000
current:  min_profit:   6210  weight: 1999243
entropy: 6.000000
current:  min_profit:   6210  weight: 1999243
entropy: 5.000000
current:  min_profit:   6210  weight: 1999243
entropy: 5.000000
current:  min_profit:   6210  weight: 1999243
entropy: 5.000000
current:  min_profit:   6210  weight: 1999243
entropy: 4.000000
current:  min_profit:   6210  weight: 1999243
entropy: 4.000000
current:  min_profit:   6210  weight: 1999243
entropy: 4.000000
current:  min_profit:   6210  weight: 1999243
new best: min_profit:   6313  weight: 1999963
entropy: 15.000000
current:  min_profit:   6313  weight: 1999963
new best: min_profit:   6313  weight: 1999471
entropy: 15.000000
current:  min_profit:   6313  weight: 1999471
entropy: 9.000000
current:  min_profit:   6313  weight: 1999471
new best: min_profit:   6313  weight: 1999384
entropy: 15.000000
current:  min_profit:   6313  weight: 1999384
new best: min_profit:   6361  weight: 1999730
entropy: 15.000000
current:  min_profit:   6361  weight: 1999730
new best: min_profit:   6361  weight: 1999558
entropy: 15.000000
current:  min_profit:   6361  weight: 1999558
new best: min_profit:   6361  weight: 1999463
entropy: 15.000000
current:  min_profit:   6361  weight: 1999463
entropy: 9.000000
current:  min_profit:   6361  weight: 1999463
entropy: 7.000000
current:  min_profit:   6361  weight: 1999463
new best: min_profit:   6361  weight: 1999437
entropy: 15.000000
current:  min_profit:   6361  weight: 1999437
entropy: 9.000000
current:  min_profit:   6361  weight: 1999437
new best: min_profit:   6361  weight: 1999246
entropy: 15.000000
current:  min_profit:   6361  weight: 1999246
entropy: 9.000000
current:  min_profit:   6361  weight: 1999246
entropy: 7.000000
current:  min_profit:   6361  weight: 1999246
entropy: 6.000000
current:  min_profit:   6361  weight: 1999246
entropy: 5.000000
current:  min_profit:   6361  weight: 1999246
entropy: 5.000000
current:  min_profit:   6361  weight: 1999246
entropy: 5.000000
current:  min_profit:   6361  weight: 1999246
entropy: 4.000000
current:  min_profit:   6361  weight: 1999246
entropy: 4.000000
current:  min_profit:   6361  weight: 1999246
entropy: 4.000000
current:  min_profit:   6361  weight: 1999246
best: 6361
time = 197s

